{"meta": {"version": "7.2.3", "timestamp": "2023-04-19T03:53:55.124537", "branch_coverage": false, "show_contexts": false}, "files": {"src/project/__init__.py": {"executed_lines": [1], "summary": {"covered_lines": 0, "num_statements": 0, "percent_covered": 100.0, "percent_covered_display": "100", "missing_lines": 0, "excluded_lines": 0}, "missing_lines": [], "excluded_lines": []}, "src/project/fetcher.py": {"executed_lines": [1, 2, 3, 4, 6, 8, 11, 12, 15, 32, 51], "summary": {"covered_lines": 11, "num_statements": 34, "percent_covered": 32.35294117647059, "percent_covered_display": "32", "missing_lines": 23, "excluded_lines": 0}, "missing_lines": [13, 23, 24, 26, 27, 28, 29, 30, 40, 41, 43, 45, 46, 48, 49, 52, 53, 54, 56, 58, 59, 60, 64], "excluded_lines": []}, "src/project/giteaapi.py": {"executed_lines": [1, 3, 4, 6, 9, 10, 11, 12, 13, 14, 16, 17, 19, 20, 21, 23, 24, 25, 26, 28, 30, 31, 32, 34, 35, 36, 38, 40, 41, 43, 44, 45, 47], "summary": {"covered_lines": 33, "num_statements": 33, "percent_covered": 100.0, "percent_covered_display": "100", "missing_lines": 0, "excluded_lines": 0}, "missing_lines": [], "excluded_lines": []}, "src/project/main.py": {"executed_lines": [1, 2, 3, 4, 5, 7, 10, 20, 29], "summary": {"covered_lines": 9, "num_statements": 22, "percent_covered": 40.90909090909091, "percent_covered_display": "41", "missing_lines": 13, "excluded_lines": 0}, "missing_lines": [11, 12, 13, 14, 15, 16, 17, 21, 24, 25, 26, 30, 31], "excluded_lines": []}, "src/project/tests/__init__.py": {"executed_lines": [1], "summary": {"covered_lines": 0, "num_statements": 0, "percent_covered": 100.0, "percent_covered_display": "100", "missing_lines": 0, "excluded_lines": 0}, "missing_lines": [], "excluded_lines": []}, "src/project/tests/test_fetcher.py": {"executed_lines": [1, 3, 5, 8, 9, 10, 12, 13, 16, 17, 18, 20, 21, 24, 25, 26, 29, 30, 31], "summary": {"covered_lines": 19, "num_statements": 19, "percent_covered": 100.0, "percent_covered_display": "100", "missing_lines": 0, "excluded_lines": 0}, "missing_lines": [], "excluded_lines": []}, "src/project/tests/test_giteaapi.py": {"executed_lines": [1, 2, 3, 4, 6, 8, 9, 11, 14, 17, 18, 19, 20, 22, 23, 26, 27, 28, 29, 31, 32, 33, 35, 36, 38, 39, 41, 42, 45, 46, 47, 50, 51, 52, 55, 56, 57, 60, 61, 62, 65, 66, 67, 70, 71, 72, 75, 76, 77, 79, 80, 81, 83, 84, 85, 89, 90, 91, 93, 94, 95, 98, 99, 100, 101, 103, 104, 105, 107, 110, 111, 113, 114, 116, 118, 121, 122, 124, 125, 127, 129, 130, 131, 132, 133, 136, 137, 138, 139, 141, 142, 145, 149, 150, 151, 153, 154, 156, 158, 159, 162, 166, 167, 168, 169, 172, 173, 174, 175, 177, 178, 181, 182, 183, 184, 185, 187, 188, 189, 190, 191, 192], "summary": {"covered_lines": 122, "num_statements": 122, "percent_covered": 100.0, "percent_covered_display": "100", "missing_lines": 0, "excluded_lines": 0}, "missing_lines": [], "excluded_lines": []}, "src/project/tests/test_types.py": {"executed_lines": [1, 2, 3, 4, 6, 9, 10, 11, 12, 14, 15, 16, 18, 19, 20, 22, 23, 24, 26, 27, 28, 31, 32, 33, 34, 36, 37, 38, 40, 41, 42, 44, 45, 46, 48, 49, 50, 52, 53, 54, 56, 57, 58, 61, 62, 63, 64, 66, 67, 68, 70, 71, 72, 74, 75, 76, 78, 79, 80, 82, 83, 84, 87, 88, 89, 90, 95, 96, 97, 102, 103, 104, 106, 107, 108, 110, 111, 112, 114, 115, 116, 118, 119, 120, 122, 123, 124], "summary": {"covered_lines": 87, "num_statements": 87, "percent_covered": 100.0, "percent_covered_display": "100", "missing_lines": 0, "excluded_lines": 0}, "missing_lines": [], "excluded_lines": []}, "src/project/types.py": {"executed_lines": [1, 2, 3, 6, 7, 8, 10, 11, 12, 14, 15, 16, 18, 19, 21, 22, 25, 26, 27, 29, 30, 31, 33, 34, 35, 37, 38, 41, 42, 43, 45, 46, 47, 49, 50, 51, 53, 54, 55, 57, 58, 61, 62, 63, 65, 66, 67, 69, 70, 71], "summary": {"covered_lines": 50, "num_statements": 50, "percent_covered": 100.0, "percent_covered_display": "100", "missing_lines": 0, "excluded_lines": 0}, "missing_lines": [], "excluded_lines": []}}, "totals": {"covered_lines": 331, "num_statements": 367, "percent_covered": 90.19073569482289, "percent_covered_display": "90", "missing_lines": 36, "excluded_lines": 0}}